2023-12-21T12:03:28+00:00 CRITICAL syntax error, unexpected '<' in /home/cityisc3/public_html/wp-content/plugins/easy-login-woocommerce/templates/global/xoo-el-login-section.php on line 32

2023-12-21T12:03:30+00:00 CRITICAL syntax error, unexpected '<' in /home/cityisc3/public_html/wp-content/plugins/easy-login-woocommerce/templates/global/xoo-el-login-section.php on line 32

2023-12-21T12:03:32+00:00 CRITICAL syntax error, unexpected '<' in /home/cityisc3/public_html/wp-content/plugins/easy-login-woocommerce/templates/global/xoo-el-login-section.php on line 32

2023-12-21T12:03:40+00:00 CRITICAL syntax error, unexpected '<' in /home/cityisc3/public_html/wp-content/plugins/easy-login-woocommerce/templates/global/xoo-el-login-section.php on line 32

2023-12-21T13:42:29+00:00 CRITICAL syntax error, unexpected ')' in /home/cityisc3/public_html/wp-content/themes/flatsome/functions.php on line 44

2023-12-21T13:42:34+00:00 CRITICAL syntax error, unexpected ')' in /home/cityisc3/public_html/wp-content/themes/flatsome/functions.php on line 44

2023-12-21T13:42:35+00:00 CRITICAL syntax error, unexpected ')' in /home/cityisc3/public_html/wp-content/themes/flatsome/functions.php on line 44

2023-12-21T13:45:14+00:00 CRITICAL syntax error, unexpected 'billing_last_name' (T_STRING) in /home/cityisc3/public_html/wp-content/themes/flatsome/functions.php on line 14

2023-12-21T15:04:28+00:00 CRITICAL syntax error, unexpected '}', expecting end of file in /home/cityisc3/public_html/wp-content/themes/flatsome/inc/woocommerce/structure-wc-checkout.php on line 88

2023-12-21T15:04:40+00:00 CRITICAL syntax error, unexpected '}', expecting end of file in /home/cityisc3/public_html/wp-content/themes/flatsome/inc/woocommerce/structure-wc-checkout.php on line 88

2023-12-21T15:04:55+00:00 CRITICAL syntax error, unexpected '}', expecting end of file in /home/cityisc3/public_html/wp-content/themes/flatsome/inc/woocommerce/structure-wc-checkout.php on line 88

2023-12-21T15:16:19+00:00 CRITICAL Cannot redeclare custom_billing_email_readonly_script() (previously declared in /home/cityisc3/public_html/wp-content/themes/flatsome/inc/woocommerce/structure-wc-checkout.php:74) in /home/cityisc3/public_html/wp-content/themes/flatsome/inc/woocommerce/structure-wc-checkout.php on line 113

2023-12-21T15:16:22+00:00 CRITICAL Cannot redeclare custom_billing_email_readonly_script() (previously declared in /home/cityisc3/public_html/wp-content/themes/flatsome/inc/woocommerce/structure-wc-checkout.php:74) in /home/cityisc3/public_html/wp-content/themes/flatsome/inc/woocommerce/structure-wc-checkout.php on line 113

2023-12-21T15:16:31+00:00 CRITICAL syntax error, unexpected end of file in /home/cityisc3/public_html/wp-content/themes/flatsome/inc/woocommerce/structure-wc-checkout.php on line 129

2023-12-21T15:16:35+00:00 CRITICAL syntax error, unexpected end of file in /home/cityisc3/public_html/wp-content/themes/flatsome/inc/woocommerce/structure-wc-checkout.php on line 128

2023-12-21T15:16:36+00:00 CRITICAL syntax error, unexpected end of file in /home/cityisc3/public_html/wp-content/themes/flatsome/inc/woocommerce/structure-wc-checkout.php on line 128

2023-12-21T15:16:37+00:00 CRITICAL syntax error, unexpected end of file in /home/cityisc3/public_html/wp-content/themes/flatsome/inc/woocommerce/structure-wc-checkout.php on line 128

2023-12-21T15:16:50+00:00 CRITICAL syntax error, unexpected end of file in /home/cityisc3/public_html/wp-content/themes/flatsome/inc/woocommerce/structure-wc-checkout.php on line 126

2023-12-21T15:18:12+00:00 CRITICAL Cannot redeclare custom_billing_email_readonly_script() (previously declared in /home/cityisc3/public_html/wp-content/themes/flatsome/inc/woocommerce/structure-wc-checkout.php:74) in /home/cityisc3/public_html/wp-content/themes/flatsome/inc/woocommerce/structure-wc-checkout.php on line 97

2023-12-21T15:18:28+00:00 CRITICAL Cannot redeclare custom_billing_email_readonly_script() (previously declared in /home/cityisc3/public_html/wp-content/themes/flatsome/inc/woocommerce/structure-wc-checkout.php:74) in /home/cityisc3/public_html/wp-content/themes/flatsome/inc/woocommerce/structure-wc-checkout.php on line 97

2023-12-21T15:18:28+00:00 CRITICAL Cannot redeclare custom_billing_email_readonly_script() (previously declared in /home/cityisc3/public_html/wp-content/themes/flatsome/inc/woocommerce/structure-wc-checkout.php:74) in /home/cityisc3/public_html/wp-content/themes/flatsome/inc/woocommerce/structure-wc-checkout.php on line 97

2023-12-21T15:19:48+00:00 CRITICAL Cannot redeclare custom_billing_email_readonly_script() (previously declared in /home/cityisc3/public_html/wp-content/themes/flatsome/inc/woocommerce/structure-wc-checkout.php:74) in /home/cityisc3/public_html/wp-content/themes/flatsome/inc/woocommerce/structure-wc-checkout.php on line 97

2023-12-21T15:21:21+00:00 CRITICAL Cannot redeclare custom_billing_country_readonly_script() (previously declared in /home/cityisc3/public_html/wp-content/themes/flatsome/inc/woocommerce/structure-wc-checkout.php:101) in /home/cityisc3/public_html/wp-content/themes/flatsome/inc/woocommerce/structure-wc-checkout.php on line 120

2023-12-21T15:21:48+00:00 CRITICAL Cannot redeclare custom_billing_country_readonly_script() (previously declared in /home/cityisc3/public_html/wp-content/themes/flatsome/inc/woocommerce/structure-wc-checkout.php:101) in /home/cityisc3/public_html/wp-content/themes/flatsome/inc/woocommerce/structure-wc-checkout.php on line 120

2023-12-21T15:21:59+00:00 CRITICAL Cannot redeclare custom_billing_country_readonly_script() (previously declared in /home/cityisc3/public_html/wp-content/themes/flatsome/inc/woocommerce/structure-wc-checkout.php:101) in /home/cityisc3/public_html/wp-content/themes/flatsome/inc/woocommerce/structure-wc-checkout.php on line 120

2023-12-21T15:22:01+00:00 CRITICAL Cannot redeclare custom_billing_country_readonly_script() (previously declared in /home/cityisc3/public_html/wp-content/themes/flatsome/inc/woocommerce/structure-wc-checkout.php:101) in /home/cityisc3/public_html/wp-content/themes/flatsome/inc/woocommerce/structure-wc-checkout.php on line 120

2023-12-21T15:22:02+00:00 CRITICAL Cannot redeclare custom_billing_country_readonly_script() (previously declared in /home/cityisc3/public_html/wp-content/themes/flatsome/inc/woocommerce/structure-wc-checkout.php:101) in /home/cityisc3/public_html/wp-content/themes/flatsome/inc/woocommerce/structure-wc-checkout.php on line 120

2023-12-21T15:43:13+00:00 CRITICAL Cannot redeclare custom_checkout_field_process() (previously declared in /home/cityisc3/public_html/wp-content/themes/shop2/functions.php:7) in /home/cityisc3/public_html/wp-content/themes/flatsome/functions.php on line 16

2023-12-21T15:43:15+00:00 CRITICAL Cannot redeclare custom_checkout_field_process() (previously declared in /home/cityisc3/public_html/wp-content/themes/shop2/functions.php:7) in /home/cityisc3/public_html/wp-content/themes/flatsome/functions.php on line 16

2023-12-21T15:43:53+00:00 CRITICAL Cannot redeclare custom_checkout_field_process() (previously declared in /home/cityisc3/public_html/wp-content/themes/shop2/functions.php:7) in /home/cityisc3/public_html/wp-content/themes/flatsome/functions.php on line 12

2023-12-21T15:43:54+00:00 CRITICAL Cannot redeclare custom_checkout_field_process() (previously declared in /home/cityisc3/public_html/wp-content/themes/shop2/functions.php:7) in /home/cityisc3/public_html/wp-content/themes/flatsome/functions.php on line 12

